2019-07-09 20:00:21 [ INFO] (AbstractApplicationContext.java:583) - Refreshing org.springframework.context.annotation.AnnotationConfigApplicationContext@3d82c5f3: startup date [Tue Jul 09 20:00:21 CST 2019]; root of context hierarchy
2019-07-09 20:00:21 [ INFO] (XmlBeanDefinitionReader.java:317) - Loading XML bean definitions from class path resource [application.xml]
2019-07-09 20:00:22 [ INFO] (XmlBeanDefinitionReader.java:317) - Loading XML bean definitions from class path resource [spring/spring-jdbc.xml]
2019-07-09 20:00:22 [DEBUG] (App.java:35) - SpringContext启动成功！
2019-07-09 20:00:23 [ INFO] (DruidDataSource.java:722) - {dataSource-1} inited
2019-07-09 20:00:40 [ INFO] (AbstractApplicationContext.java:984) - Closing org.springframework.context.annotation.AnnotationConfigApplicationContext@3d82c5f3: startup date [Tue Jul 09 20:00:21 CST 2019]; root of context hierarchy
2019-07-09 20:00:40 [ INFO] (DruidDataSource.java:1447) - {dataSource-1} closed
2019-07-09 20:00:40 [DEBUG] (App.java:42) - SpringContext已关闭！
2019-07-09 20:06:53 [ INFO] (AbstractApplicationContext.java:583) - Refreshing org.springframework.context.annotation.AnnotationConfigApplicationContext@3d82c5f3: startup date [Tue Jul 09 20:06:53 CST 2019]; root of context hierarchy
2019-07-09 20:06:53 [ INFO] (XmlBeanDefinitionReader.java:317) - Loading XML bean definitions from class path resource [application.xml]
2019-07-09 20:06:54 [ INFO] (XmlBeanDefinitionReader.java:317) - Loading XML bean definitions from class path resource [spring/spring-jdbc.xml]
2019-07-09 20:06:54 [ WARN] (AbstractApplicationContext.java:551) - Exception encountered during context initialization - cancelling refresh attempt: org.springframework.beans.factory.BeanCreationException: Error creating bean with name 'daoTest' defined in class path resource [spring/spring-jdbc.xml]: Error setting property values; nested exception is org.springframework.beans.NotWritablePropertyException: Invalid property 'dataSource' of bean class [com.caojian.spring.jdbc.DaoTest]: Bean property 'dataSource' is not writable or has an invalid setter method. Does the parameter type of the setter match the return type of the getter?
2019-07-09 20:08:08 [ INFO] (AbstractApplicationContext.java:583) - Refreshing org.springframework.context.annotation.AnnotationConfigApplicationContext@3d82c5f3: startup date [Tue Jul 09 20:08:08 CST 2019]; root of context hierarchy
2019-07-09 20:08:08 [ INFO] (XmlBeanDefinitionReader.java:317) - Loading XML bean definitions from class path resource [application.xml]
2019-07-09 20:08:08 [ INFO] (XmlBeanDefinitionReader.java:317) - Loading XML bean definitions from class path resource [spring/spring-jdbc.xml]
2019-07-09 20:08:08 [ INFO] (DefaultListableBeanFactory.java:828) - Overriding bean definition for bean 'daoTest' with a different definition: replacing [Generic bean: class [com.caojian.spring.jdbc.DaoTest]; scope=singleton; abstract=false; lazyInit=false; autowireMode=0; dependencyCheck=0; autowireCandidate=true; primary=false; factoryBeanName=null; factoryMethodName=null; initMethodName=null; destroyMethodName=null; defined in file [E:\MyEclipse-Workspace\spring-03-jdbc\target\classes\com\caojian\spring\jdbc\DaoTest.class]] with [Generic bean: class [com.caojian.spring.jdbc.DaoTest]; scope=; abstract=false; lazyInit=false; autowireMode=0; dependencyCheck=0; autowireCandidate=true; primary=false; factoryBeanName=null; factoryMethodName=null; initMethodName=null; destroyMethodName=null; defined in class path resource [spring/spring-jdbc.xml]]
2019-07-09 20:08:08 [ WARN] (AbstractApplicationContext.java:551) - Exception encountered during context initialization - cancelling refresh attempt: org.springframework.beans.factory.BeanCreationException: Error creating bean with name 'daoTest' defined in class path resource [spring/spring-jdbc.xml]: Error setting property values; nested exception is org.springframework.beans.NotWritablePropertyException: Invalid property 'dataSource' of bean class [com.caojian.spring.jdbc.DaoTest]: Bean property 'dataSource' is not writable or has an invalid setter method. Does the parameter type of the setter match the return type of the getter?
2019-07-09 20:09:14 [ INFO] (AbstractApplicationContext.java:583) - Refreshing org.springframework.context.annotation.AnnotationConfigApplicationContext@3d82c5f3: startup date [Tue Jul 09 20:09:14 CST 2019]; root of context hierarchy
2019-07-09 20:09:15 [ INFO] (XmlBeanDefinitionReader.java:317) - Loading XML bean definitions from class path resource [application.xml]
2019-07-09 20:09:15 [ INFO] (XmlBeanDefinitionReader.java:317) - Loading XML bean definitions from class path resource [spring/spring-jdbc.xml]
2019-07-09 20:09:15 [DEBUG] (App.java:35) - SpringContext启动成功！
2019-07-09 20:09:16 [ INFO] (DruidDataSource.java:722) - {dataSource-1} inited
2019-07-09 20:10:21 [ INFO] (AbstractApplicationContext.java:583) - Refreshing org.springframework.context.annotation.AnnotationConfigApplicationContext@3d82c5f3: startup date [Tue Jul 09 20:10:21 CST 2019]; root of context hierarchy
2019-07-09 20:10:21 [ INFO] (XmlBeanDefinitionReader.java:317) - Loading XML bean definitions from class path resource [application.xml]
2019-07-09 20:10:21 [ INFO] (XmlBeanDefinitionReader.java:317) - Loading XML bean definitions from class path resource [spring/spring-jdbc.xml]
2019-07-09 20:10:21 [DEBUG] (App.java:35) - SpringContext启动成功！
2019-07-09 20:10:22 [ INFO] (DruidDataSource.java:722) - {dataSource-1} inited
2019-07-09 20:12:25 [ INFO] (AbstractApplicationContext.java:583) - Refreshing org.springframework.context.annotation.AnnotationConfigApplicationContext@3d82c5f3: startup date [Tue Jul 09 20:12:25 CST 2019]; root of context hierarchy
2019-07-09 20:12:25 [ INFO] (XmlBeanDefinitionReader.java:317) - Loading XML bean definitions from class path resource [application.xml]
2019-07-09 20:12:25 [ INFO] (XmlBeanDefinitionReader.java:317) - Loading XML bean definitions from class path resource [spring/spring-jdbc.xml]
2019-07-09 20:12:25 [DEBUG] (App.java:35) - SpringContext启动成功！
2019-07-09 20:13:12 [ INFO] (AbstractApplicationContext.java:583) - Refreshing org.springframework.context.annotation.AnnotationConfigApplicationContext@3d82c5f3: startup date [Tue Jul 09 20:13:12 CST 2019]; root of context hierarchy
2019-07-09 20:13:12 [ INFO] (XmlBeanDefinitionReader.java:317) - Loading XML bean definitions from class path resource [application.xml]
2019-07-09 20:13:12 [ INFO] (XmlBeanDefinitionReader.java:317) - Loading XML bean definitions from class path resource [spring/spring-jdbc.xml]
2019-07-09 20:13:12 [DEBUG] (App.java:36) - SpringContext启动成功！
